<?xml version="1.0" encoding="UTF-8"?>
<!-- Generated by org.testng.reporters.JUnitXMLReporter -->
<testsuite ignored="0" hostname="SOVIT" failures="0" tests="3" name="Existing Registration Test" time="7.011" errors="0" timestamp="2025-09-08T00:43:01 IST">
  <testcase classname="com.tests.ExistingRegistrationTest" name="verifyHomePageVisible" time="0.012"/>
  <testcase classname="com.tests.ExistingRegistrationTest" name="clickSignupAndVerifyNewUserSignup" time="1.711"/>
  <testcase classname="com.tests.ExistingRegistrationTest" name="registerWithExistingEmailAndVerifyError" time="1.106"/>
</testsuite> <!-- Existing Registration Test -->
