<?xml version="1.0" encoding="UTF-8"?>
<!-- Generated by org.testng.reporters.JUnitXMLReporter -->
<testsuite ignored="0" hostname="SOVIT" failures="0" tests="3" name="Search Products Tests" time="13.123" errors="0" timestamp="2025-09-09T16:33:05 IST">
  <testcase classname="com.tests.SearchProductsTest" name="verifyHomePageIsVisible" time="0.042"/>
  <testcase classname="com.tests.SearchProductsTest" name="verifyAllProductsPageIsVisible" time="3.663"/>
  <testcase classname="com.tests.SearchProductsTest" name="verifySearchFunctionality" time="2.501"/>
</testsuite> <!-- Search Products Tests -->
