<?xml version="1.0" encoding="UTF-8"?>
<!-- Generated by org.testng.reporters.JUnitXMLReporter -->
<testsuite ignored="0" hostname="SOVIT" failures="0" tests="2" name="Subscription Cart Tests" time="9.553" errors="0" timestamp="2025-09-08T00:43:48 IST">
  <testcase classname="com.tests.SubscriptionCartTest" name="verifyHomePageIsVisible" time="0.012"/>
  <testcase classname="com.tests.SubscriptionCartTest" name="verifySubscriptionFlow" time="5.832"/>
</testsuite> <!-- Subscription Cart Tests -->
