<?xml version="1.0" encoding="UTF-8"?>
<!-- Generated by org.testng.reporters.JUnitXMLReporter -->
<testsuite ignored="0" hostname="SOVIT" failures="0" tests="3" name="Verify All Products Tests" time="13.063" errors="0" timestamp="2025-09-08T14:42:03 IST">
  <testcase classname="com.tests.VerifyAllProductsTest" name="verifyHomePageIsVisible" time="0.015"/>
  <testcase classname="com.tests.VerifyAllProductsTest" name="verifyAllProductsPageIsVisible" time="4.206"/>
  <testcase classname="com.tests.VerifyAllProductsTest" name="verifyViewProductsFunctionality" time="1.699"/>
</testsuite> <!-- Verify All Products Tests -->
