<?xml version="1.0" encoding="UTF-8"?>
<!-- Generated by org.testng.reporters.JUnitXMLReporter -->
<testsuite ignored="0" hostname="SOVIT" failures="0" tests="3" name="Existing Registration Test" time="6.329" errors="0" timestamp="2025-09-09T14:49:50 IST">
  <testcase classname="com.tests.ExistingRegistrationTest" name="verifyHomePageVisible" time="0.015"/>
  <testcase classname="com.tests.ExistingRegistrationTest" name="clickSignupAndVerifyNewUserSignup" time="0.737"/>
  <testcase classname="com.tests.ExistingRegistrationTest" name="registerWithExistingEmailAndVerifyError" time="1.021"/>
</testsuite> <!-- Existing Registration Test -->
