<?xml version="1.0" encoding="UTF-8"?>
<!-- Generated by org.testng.reporters.JUnitXMLReporter -->
<testsuite ignored="0" hostname="SOVIT" failures="0" tests="3" name="Existing Registration Test" time="6.88" errors="0" timestamp="2025-09-10T15:04:03 IST">
  <testcase classname="com.tests.ExistingRegistrationTest" name="verifyHomePageVisible" time="0.039"/>
  <testcase classname="com.tests.ExistingRegistrationTest" name="clickSignupAndVerifyNewUserSignup" time="0.755"/>
  <testcase classname="com.tests.ExistingRegistrationTest" name="registerWithExistingEmailAndVerifyError" time="1.227"/>
</testsuite> <!-- Existing Registration Test -->
