<?xml version="1.0" encoding="UTF-8"?>
<!-- Generated by org.testng.reporters.JUnitXMLReporter -->
<testsuite ignored="0" hostname="SOVIT" failures="0" tests="3" name="Search Products Tests" time="8.846" errors="0" timestamp="2025-09-10T15:04:38 IST">
  <testcase classname="com.tests.SearchProductsTest" name="verifyHomePageIsVisible" time="0.013"/>
  <testcase classname="com.tests.SearchProductsTest" name="verifyAllProductsPageIsVisible" time="1.783"/>
  <testcase classname="com.tests.SearchProductsTest" name="verifySearchFunctionality" time="1.465"/>
</testsuite> <!-- Search Products Tests -->
