<?xml version="1.0" encoding="UTF-8"?>
<!-- Generated by org.testng.reporters.JUnitXMLReporter -->
<testsuite ignored="0" hostname="SOVIT" failures="0" tests="3" name="Search Products Tests" time="8.631" errors="0" timestamp="2025-09-09T14:50:24 IST">
  <testcase classname="com.tests.SearchProductsTest" name="verifyHomePageIsVisible" time="0.039"/>
  <testcase classname="com.tests.SearchProductsTest" name="verifyAllProductsPageIsVisible" time="2.658"/>
  <testcase classname="com.tests.SearchProductsTest" name="verifySearchFunctionality" time="1.01"/>
</testsuite> <!-- Search Products Tests -->
