<?xml version="1.0" encoding="UTF-8"?>
<!-- Generated by org.testng.reporters.JUnitXMLReporter -->
<testsuite ignored="0" hostname="SOVIT" failures="0" tests="2" name="Subscription Cart Tests" time="10.84" errors="0" timestamp="2025-09-09T14:50:50 IST">
  <testcase classname="com.tests.SubscriptionCartTest" name="verifyHomePageIsVisible" time="0.009"/>
  <testcase classname="com.tests.SubscriptionCartTest" name="verifySubscriptionFlow" time="5.001"/>
</testsuite> <!-- Subscription Cart Tests -->
