<?xml version="1.0" encoding="UTF-8"?>
<testsuite xmlns:xsi="http://www.w3.org/2001/XMLSchema-instance" xsi:noNamespaceSchemaLocation="https://maven.apache.org/surefire/maven-surefire-plugin/xsd/surefire-test-report.xsd" version="3.0.2" name="TestSuite" time="189.343" tests="26" errors="0" skipped="0" failures="0">
  <properties>
[...]
</properties>
  <testcase name="runScenario[&quot;User Registration to Sign-Up Page&quot;, &quot;Registration&quot;](1)" classname="com.TestRunner.RegistrationRunner" time="13.425">
    <system-out><![CDATA[
@register
&amp#27;[1mScenario Outline:&amp#27;[22m User Registration to Sign-Up Page                                                                                                                   &amp#27;[90m# file:///C:/ProgramData/Jenkins/.jenkins/workspace/AutomationExercisePipeline/src/test/resources/Features/01-Register.feature:23&amp#27;[39m
  &amp#27;[32m✔&amp#27;[39m &amp#27;[32m&amp#27;[1mGiven &amp#27;[22mUser is on the Home page&amp#27;[39m                                                                                                                                    &amp#27;[90m# com.stepDefinitions.RegistrationStepDefinitions.user_is_on_the_home_page()&amp#27;[39m
  &amp#27;[32m✔&amp#27;[39m &amp#27;[32m&amp#27;[1mAnd &amp#27;[22mUser clicks on the Sign-Up/Login button&amp#27;[39m                                                                                                                       &amp#27;[90m# com.stepDefinitions.RegistrationStepDefinitions.user_clicks_on_the_sign_up_login_button()&amp#27;[39m
  &amp#27;[32m✔&amp#27;[39m &amp#27;[32m&amp#27;[1mThen &amp#27;[22mUser is redirected to the Sign-Up page&amp#27;[39m                                                                                                                       &amp#27;[90m# com.stepDefinitions.RegistrationStepDefinitions.user_is_redirected_to_the_sign_up_page()&amp#27;[39m
  &amp#27;[32m✔&amp#27;[39m &amp#27;[32m&amp#27;[1mWhen &amp#27;[22mUser fills in the signup details &amp#27;[1m"rahul"&amp#27;[22m and &amp#27;[1m"tony765@gmail.com"&amp#27;[22m&amp#27;[39m                                                                                             &amp#27;[90m# com.stepDefinitions.RegistrationStepDefinitions.user_fills_in_the_signup_details_and(java.lang.String,java.lang.String)&amp#27;[39m
  &amp#27;[32m✔&amp#27;[39m &amp#27;[32m&amp#27;[1mAnd &amp#27;[22mUser clicks the Sign-Up button&amp#27;[39m                                                                                                                                &amp#27;[90m# com.stepDefinitions.RegistrationStepDefinitions.user_clicks_the_sign_up_button()&amp#27;[39m
  &amp#27;[32m✔&amp#27;[39m &amp#27;[32m&amp#27;[1mThen &amp#27;[22mUser is redirected to the account information page&amp#27;[39m                                                                                                           &amp#27;[90m# com.stepDefinitions.RegistrationStepDefinitions.user_is_redirected_to_the_account_information_page()&amp#27;[39m
  &amp#27;[32m✔&amp#27;[39m &amp#27;[32m&amp#27;[1mWhen &amp#27;[22mUser enters the following details &amp#27;[1m"15"&amp#27;[22m, &amp#27;[1m"May"&amp#27;[22m ,&amp#27;[1m"2000"&amp#27;[22m, &amp#27;[1m"roh123"&amp#27;[22m, &amp#27;[1m"Dummy"&amp#27;[22m, &amp#27;[1m"Dog"&amp#27;[22m, &amp#27;[1m"123 Main St"&amp#27;[22m, &amp#27;[1m"India"&amp#27;[22m, &amp#27;[1m"Odisha"&amp#27;[22m, &amp#27;[1m"Bhubaneshwar"&amp#27;[22m, &amp#27;[1m"90001"&amp#27;[22m, and &amp#27;[1m"1234567890"&amp#27;[22m&amp#27;[39m &amp#27;[90m# com.stepDefinitions.RegistrationStepDefinitions.user_enters_the_following_details_and(java.lang.String,java.lang.String,java.lang.String,java.lang.String,java.lang.String,java.lang.String,java.lang.String,java.lang.String,java.lang.String,java.lang.String,java.lang.String,java.lang.String)&amp#27;[39m
  &amp#27;[32m✔&amp#27;[39m &amp#27;[32m&amp#27;[1mAnd &amp#27;[22mUser clicks on the Create Account button&amp#27;[39m                                                                                                                      &amp#27;[90m# com.stepDefinitions.RegistrationStepDefinitions.user_clicks_on_the_create_account_button()&amp#27;[39m
  &amp#27;[32m✔&amp#27;[39m &amp#27;[32m&amp#27;[1mThen &amp#27;[22mUser account created&amp#27;[39m                                                                                                                                         &amp#27;[90m# com.stepDefinitions.RegistrationStepDefinitions.user_account_created()&amp#27;[39m
  &amp#27;[32m✔&amp#27;[39m &amp#27;[32m&amp#27;[1mAnd &amp#27;[22mAccount created message verified&amp#27;[39m                                                                                                                              &amp#27;[90m# com.stepDefinitions.RegistrationStepDefinitions.account_created_message_verified()&amp#27;[39m
  &amp#27;[32m✔&amp#27;[39m &amp#27;[32m&amp#27;[1mAnd &amp#27;[22mUser clicks on Continue button&amp#27;[39m                                                                                                                                &amp#27;[90m# com.stepDefinitions.RegistrationStepDefinitions.user_clicks_on_continue_button()&amp#27;[39m
  &amp#27;[32m✔&amp#27;[39m &amp#27;[32m&amp#27;[1mAnd &amp#27;[22mlogged in as username is visible&amp#27;[39m                                                                                                                              &amp#27;[90m# com.stepDefinitions.RegistrationStepDefinitions.logged_in_as_username_is_visible()&amp#27;[39m
  &amp#27;[32m✔&amp#27;[39m &amp#27;[32m&amp#27;[1mWhen &amp#27;[22muser clicks on delete account button&amp#27;[39m                                                                                                                         &amp#27;[90m# com.stepDefinitions.RegistrationStepDefinitions.user_clicks_on_delete_account_button()&amp#27;[39m
  &amp#27;[32m✔&amp#27;[39m &amp#27;[32m&amp#27;[1mThen &amp#27;[22maccount deleted is visible&amp#27;[39m                                                                                                                                   &amp#27;[90m# com.stepDefinitions.RegistrationStepDefinitions.account_deleted_is_visible()&amp#27;[39m
  &amp#27;[32m✔&amp#27;[39m &amp#27;[32m&amp#27;[1mAnd &amp#27;[22muser clicks continue button&amp#27;[39m                                                                                                                                   &amp#27;[90m# com.stepDefinitions.RegistrationStepDefinitions.user_clicks_continue_button()&amp#27;[39m
Screenshot saved at: C:\ProgramData\Jenkins\.jenkins\workspace\AutomationExercisePipeline/screenshots/passed/User_Registration_to_Sign-Up_Page_2025-09-10_15-03-30.png

        &amp#27;[34mEmbedding User Registration to Sign-Up Page [image/png 222927 bytes]&amp#27;[39m

Screenshot saved at: C:\ProgramData\Jenkins\.jenkins\workspace\AutomationExercisePipeline/screenshots/passed/runScenario_2025-09-10_15-03-31.png
]]></system-out>
    <system-err><![CDATA[SLF4J: Failed to load class "org.slf4j.impl.StaticLoggerBinder".
SLF4J: Defaulting to no-operation (NOP) logger implementation
SLF4J: See http://www.slf4j.org/codes.html#StaticLoggerBinder for further details.
Sept 10, 2025 3:03:14 PM org.openqa.selenium.devtools.CdpVersionFinder findNearestMatch
WARNING: Unable to find an exact match for CDP version 140, returning the closest version; found: 138; Please update to a Selenium version that supports CDP version 140
]]></system-err>
  </testcase>
  <testcase name="runScenario[&quot;Login with valid credentials&quot;, &quot;Login Page with credentials&quot;](1)" classname="com.TestRunner.LoginRunner" time="5.004">
    <system-out><![CDATA[
@Valid
&amp#27;[1mScenario Outline:&amp#27;[22m Login with valid credentials                &amp#27;[90m# file:///C:/ProgramData/Jenkins/.jenkins/workspace/AutomationExercisePipeline/src/test/resources/Features/02and03-Login.feature:18&amp#27;[39m
  &amp#27;[32m✔&amp#27;[39m &amp#27;[32m&amp#27;[1mGiven &amp#27;[22mUser is in home page&amp#27;[39m                                &amp#27;[90m# com.stepDefinitions.LoginStepDefinitions.user_is_in_home_page()&amp#27;[39m
  &amp#27;[32m✔&amp#27;[39m &amp#27;[32m&amp#27;[1mWhen &amp#27;[22muser clicks on signup/login button&amp#27;[39m                   &amp#27;[90m# com.stepDefinitions.LoginStepDefinitions.user_clicks_on_signup_login_button()&amp#27;[39m
  &amp#27;[32m✔&amp#27;[39m &amp#27;[32m&amp#27;[1mThen &amp#27;[22muser is redirected to login page&amp#27;[39m                     &amp#27;[90m# com.stepDefinitions.LoginStepDefinitions.user_is_redirected_to_login_page()&amp#27;[39m
  &amp#27;[32m✔&amp#27;[39m &amp#27;[32m&amp#27;[1mWhen &amp#27;[22muser enters valid &amp#27;[1m"david1@gmail.com"&amp#27;[22m and &amp#27;[1m"david@123"&amp#27;[22m&amp#27;[39m &amp#27;[90m# com.stepDefinitions.LoginStepDefinitions.user_enters_valid_and(java.lang.String,java.lang.String)&amp#27;[39m
  &amp#27;[32m✔&amp#27;[39m &amp#27;[32m&amp#27;[1mAnd &amp#27;[22muser clicks on Login button&amp#27;[39m                           &amp#27;[90m# com.stepDefinitions.LoginStepDefinitions.user_clicks_on_login_button()&amp#27;[39m
  &amp#27;[32m✔&amp#27;[39m &amp#27;[32m&amp#27;[1mThen &amp#27;[22muser has successfully logged in&amp#27;[39m                      &amp#27;[90m# com.stepDefinitions.LoginStepDefinitions.user_has_successfully_logged_in()&amp#27;[39m
  &amp#27;[32m✔&amp#27;[39m &amp#27;[32m&amp#27;[1mAnd &amp#27;[22mLogged in as username message is displayed&amp#27;[39m            &amp#27;[90m# com.stepDefinitions.LoginStepDefinitions.logged_in_as_username_message_is_displayed()&amp#27;[39m
  &amp#27;[32m✔&amp#27;[39m &amp#27;[32m&amp#27;[1mAnd &amp#27;[22muser clicks on logout button&amp#27;[39m                          &amp#27;[90m# com.stepDefinitions.LoginStepDefinitions.user_clicks_on_logout_button()&amp#27;[39m
Screenshot saved at: C:\ProgramData\Jenkins\.jenkins\workspace\AutomationExercisePipeline/screenshots/passed/Login_with_valid_credentials_2025-09-10_15-03-42.png

        &amp#27;[34mEmbedding Login with valid credentials [image/png 27843 bytes]&amp#27;[39m

Screenshot saved at: C:\ProgramData\Jenkins\.jenkins\workspace\AutomationExercisePipeline/screenshots/passed/runScenario_2025-09-10_15-03-42.png
]]></system-out>
    <system-err><![CDATA[Sept 10, 2025 3:03:33 PM org.openqa.selenium.devtools.CdpVersionFinder findNearestMatch
WARNING: Unable to find an exact match for CDP version 140, returning the closest version; found: 138; Please update to a Selenium version that supports CDP version 140
]]></system-err>
  </testcase>
  <testcase name="runScenario[&quot;Login with invalid credentials&quot;, &quot;Login Page with credentials&quot;](2)" classname="com.TestRunner.LoginRunner" time="2.156">
    <system-out><![CDATA[
@Invalid
&amp#27;[1mScenario Outline:&amp#27;[22m Login with invalid credentials             &amp#27;[90m# file:///C:/ProgramData/Jenkins/.jenkins/workspace/AutomationExercisePipeline/src/test/resources/Features/02and03-Login.feature:28&amp#27;[39m
  &amp#27;[32m✔&amp#27;[39m &amp#27;[32m&amp#27;[1mGiven &amp#27;[22mUser is in home page&amp#27;[39m                               &amp#27;[90m# com.stepDefinitions.LoginStepDefinitions.user_is_in_home_page()&amp#27;[39m
  &amp#27;[32m✔&amp#27;[39m &amp#27;[32m&amp#27;[1mWhen &amp#27;[22muser clicks on signup/login button&amp#27;[39m                  &amp#27;[90m# com.stepDefinitions.LoginStepDefinitions.user_clicks_on_signup_login_button()&amp#27;[39m
  &amp#27;[32m✔&amp#27;[39m &amp#27;[32m&amp#27;[1mThen &amp#27;[22muser is redirected to login page&amp#27;[39m                    &amp#27;[90m# com.stepDefinitions.LoginStepDefinitions.user_is_redirected_to_login_page()&amp#27;[39m
  &amp#27;[32m✔&amp#27;[39m &amp#27;[32m&amp#27;[1mWhen &amp#27;[22muser enters invalid &amp#27;[1m"davod1@gmail.com"&amp#27;[22m and &amp#27;[1m"david@"&amp#27;[22m&amp#27;[39m &amp#27;[90m# com.stepDefinitions.LoginStepDefinitions.user_enters_invalid_and(java.lang.String,java.lang.String)&amp#27;[39m
  &amp#27;[32m✔&amp#27;[39m &amp#27;[32m&amp#27;[1mAnd &amp#27;[22mUser click on Login button&amp#27;[39m                           &amp#27;[90m# com.stepDefinitions.LoginStepDefinitions.user_click_on_login_button_invalid()&amp#27;[39m
  &amp#27;[32m✔&amp#27;[39m &amp#27;[32m&amp#27;[1mThen &amp#27;[22mYour email or password is incorrect! is visible&amp#27;[39m     &amp#27;[90m# com.stepDefinitions.LoginStepDefinitions.your_email_or_password_is_incorrect_is_visible()&amp#27;[39m
Screenshot saved at: C:\ProgramData\Jenkins\.jenkins\workspace\AutomationExercisePipeline/screenshots/passed/Login_with_invalid_credentials_2025-09-10_15-03-44.png

        &amp#27;[34mEmbedding Login with invalid credentials [image/png 29976 bytes]&amp#27;[39m

Screenshot saved at: C:\ProgramData\Jenkins\.jenkins\workspace\AutomationExercisePipeline/screenshots/passed/runScenario_2025-09-10_15-03-44.png
]]></system-out>
  </testcase>
  <testcase name="runScenario[&quot;Logout feature&quot;, &quot;Logout&quot;](1)" classname="com.TestRunner.LogoutRunner" time="7.055">
    <system-out><![CDATA[
@logout
&amp#27;[1mScenario Outline:&amp#27;[22m Logout feature                         &amp#27;[90m# file:///C:/ProgramData/Jenkins/.jenkins/workspace/AutomationExercisePipeline/src/test/resources/Features/04-Logout.feature:14&amp#27;[39m
  &amp#27;[32m✔&amp#27;[39m &amp#27;[32m&amp#27;[1mGiven &amp#27;[22mUser is in Home page&amp#27;[39m                           &amp#27;[90m# com.stepDefinitions.LogoutStepDefinitons.user_is_in_home_page()&amp#27;[39m
  &amp#27;[32m✔&amp#27;[39m &amp#27;[32m&amp#27;[1mWhen &amp#27;[22mUser clicked on signup/login button&amp#27;[39m             &amp#27;[90m# com.stepDefinitions.LogoutStepDefinitons.user_clicked_on_signup_login_button()&amp#27;[39m
  &amp#27;[32m✔&amp#27;[39m &amp#27;[32m&amp#27;[1mWhen &amp#27;[22mUser entered &amp#27;[1m"david1@gmail.com"&amp#27;[22m and &amp#27;[1m"david@123"&amp#27;[22m&amp#27;[39m &amp#27;[90m# com.stepDefinitions.LogoutStepDefinitons.user_entered_and(java.lang.String,java.lang.String)&amp#27;[39m
  &amp#27;[32m✔&amp#27;[39m &amp#27;[32m&amp#27;[1mThen &amp#27;[22mUser is Logged in and username is displayed&amp#27;[39m     &amp#27;[90m# com.stepDefinitions.LogoutStepDefinitons.user_is_logged_in_and_username_is_displayed()&amp#27;[39m
  &amp#27;[32m✔&amp#27;[39m &amp#27;[32m&amp#27;[1mWhen &amp#27;[22mUser clicked logout button&amp#27;[39m                      &amp#27;[90m# com.stepDefinitions.LogoutStepDefinitons.user_clicked_logout_button()&amp#27;[39m
  &amp#27;[32m✔&amp#27;[39m &amp#27;[32m&amp#27;[1mThen &amp#27;[22mUser redirected to login page&amp#27;[39m                   &amp#27;[90m# com.stepDefinitions.LogoutStepDefinitons.user_redirected_to_login_page()&amp#27;[39m
Screenshot saved at: C:\ProgramData\Jenkins\.jenkins\workspace\AutomationExercisePipeline/screenshots/passed/Logout_feature_2025-09-10_15-03-56.png

        &amp#27;[34mEmbedding Logout feature [image/png 27843 bytes]&amp#27;[39m

Screenshot saved at: C:\ProgramData\Jenkins\.jenkins\workspace\AutomationExercisePipeline/screenshots/passed/runScenario_2025-09-10_15-03-56.png
]]></system-out>
    <system-err><![CDATA[Sept 10, 2025 3:03:45 PM org.openqa.selenium.devtools.CdpVersionFinder findNearestMatch
WARNING: Unable to find an exact match for CDP version 140, returning the closest version; found: 138; Please update to a Selenium version that supports CDP version 140
]]></system-err>
  </testcase>
  <testcase name="verifyHomePageVisible" classname="com.tests.ExistingRegistrationTest" time="0.039">
    <system-err><![CDATA[Sept 10, 2025 3:03:57 PM org.openqa.selenium.devtools.CdpVersionFinder findNearestMatch
WARNING: Unable to find an exact match for CDP version 140, returning the closest version; found: 138; Please update to a Selenium version that supports CDP version 140
]]></system-err>
  </testcase>
  <testcase name="clickSignupAndVerifyNewUserSignup" classname="com.tests.ExistingRegistrationTest" time="0.748">
    <system-out><![CDATA[Screenshot saved at: C:\ProgramData\Jenkins\.jenkins\workspace\AutomationExercisePipeline/screenshots/passed/verifyHomePageVisible_2025-09-10_15-04-01.png
]]></system-out>
  </testcase>
  <testcase name="registerWithExistingEmailAndVerifyError" classname="com.tests.ExistingRegistrationTest" time="1.227">
    <system-out><![CDATA[Screenshot saved at: C:\ProgramData\Jenkins\.jenkins\workspace\AutomationExercisePipeline/screenshots/passed/clickSignupAndVerifyNewUserSignup_2025-09-10_15-04-02.png
]]></system-out>
  </testcase>
  <testcase name="verifyHomePageIsVisible" classname="com.tests.ContactUsFormTest" time="0.009">
    <system-out><![CDATA[Screenshot saved at: C:\ProgramData\Jenkins\.jenkins\workspace\AutomationExercisePipeline/screenshots/passed/registerWithExistingEmailAndVerifyError_2025-09-10_15-04-03.png
]]></system-out>
    <system-err><![CDATA[Sept 10, 2025 3:04:04 PM org.openqa.selenium.devtools.CdpVersionFinder findNearestMatch
WARNING: Unable to find an exact match for CDP version 140, returning the closest version; found: 138; Please update to a Selenium version that supports CDP version 140
]]></system-err>
  </testcase>
  <testcase name="testContactUsFormSubmission" classname="com.tests.ContactUsFormTest" time="4.356">
    <system-out><![CDATA[Screenshot saved at: C:\ProgramData\Jenkins\.jenkins\workspace\AutomationExercisePipeline/screenshots/passed/verifyHomePageIsVisible_2025-09-10_15-04-08.png
]]></system-out>
  </testcase>
  <testcase name="verifyHomePageIsVisible" classname="com.tests.VerifyTestCaseTest" time="0.016">
    <system-out><![CDATA[Screenshot saved at: C:\ProgramData\Jenkins\.jenkins\workspace\AutomationExercisePipeline/screenshots/passed/testContactUsFormSubmission_2025-09-10_15-04-13.png
]]></system-out>
    <system-err><![CDATA[Sept 10, 2025 3:04:14 PM org.openqa.selenium.devtools.CdpVersionFinder findNearestMatch
WARNING: Unable to find an exact match for CDP version 140, returning the closest version; found: 138; Please update to a Selenium version that supports CDP version 140
]]></system-err>
  </testcase>
  <testcase name="verifyTestCasesNavigation" classname="com.tests.VerifyTestCaseTest" time="0.79">
    <system-out><![CDATA[Screenshot saved at: C:\ProgramData\Jenkins\.jenkins\workspace\AutomationExercisePipeline/screenshots/passed/verifyHomePageIsVisible_2025-09-10_15-04-18.png
]]></system-out>
  </testcase>
  <testcase name="verifyHomePageIsVisible" classname="com.tests.VerifyAllProductsTest" time="0.016">
    <system-out><![CDATA[Screenshot saved at: C:\ProgramData\Jenkins\.jenkins\workspace\AutomationExercisePipeline/screenshots/passed/verifyTestCasesNavigation_2025-09-10_15-04-19.png
]]></system-out>
    <system-err><![CDATA[Sept 10, 2025 3:04:20 PM org.openqa.selenium.devtools.CdpVersionFinder findNearestMatch
WARNING: Unable to find an exact match for CDP version 140, returning the closest version; found: 138; Please update to a Selenium version that supports CDP version 140
]]></system-err>
  </testcase>
  <testcase name="verifyAllProductsPageIsVisible" classname="com.tests.VerifyAllProductsTest" time="2.131">
    <system-out><![CDATA[Screenshot saved at: C:\ProgramData\Jenkins\.jenkins\workspace\AutomationExercisePipeline/screenshots/passed/verifyHomePageIsVisible_2025-09-10_15-04-25.png
]]></system-out>
  </testcase>
  <testcase name="verifyViewProductsFunctionality" classname="com.tests.VerifyAllProductsTest" time="1.42">
    <system-out><![CDATA[Screenshot saved at: C:\ProgramData\Jenkins\.jenkins\workspace\AutomationExercisePipeline/screenshots/passed/verifyAllProductsPageIsVisible_2025-09-10_15-04-27.png
]]></system-out>
  </testcase>
  <testcase name="verifyHomePageIsVisible" classname="com.tests.SearchProductsTest" time="0.013">
    <system-out><![CDATA[Screenshot saved at: C:\ProgramData\Jenkins\.jenkins\workspace\AutomationExercisePipeline/screenshots/passed/verifyViewProductsFunctionality_2025-09-10_15-04-28.png
]]></system-out>
    <system-err><![CDATA[Sept 10, 2025 3:04:29 PM org.openqa.selenium.devtools.CdpVersionFinder findNearestMatch
WARNING: Unable to find an exact match for CDP version 140, returning the closest version; found: 138; Please update to a Selenium version that supports CDP version 140
]]></system-err>
  </testcase>
  <testcase name="verifyAllProductsPageIsVisible" classname="com.tests.SearchProductsTest" time="1.784">
    <system-out><![CDATA[Screenshot saved at: C:\ProgramData\Jenkins\.jenkins\workspace\AutomationExercisePipeline/screenshots/passed/verifyHomePageIsVisible_2025-09-10_15-04-34.png
]]></system-out>
  </testcase>
  <testcase name="verifySearchFunctionality" classname="com.tests.SearchProductsTest" time="1.464">
    <system-out><![CDATA[Screenshot saved at: C:\ProgramData\Jenkins\.jenkins\workspace\AutomationExercisePipeline/screenshots/passed/verifyAllProductsPageIsVisible_2025-09-10_15-04-36.png
Products found for search term 'dress': 9
]]></system-out>
  </testcase>
  <testcase name="verifyHomePageIsVisible" classname="com.tests.SubscriptionTest" time="0.015">
    <system-out><![CDATA[Screenshot saved at: C:\ProgramData\Jenkins\.jenkins\workspace\AutomationExercisePipeline/screenshots/passed/verifySearchFunctionality_2025-09-10_15-04-37.png
]]></system-out>
    <system-err><![CDATA[Sept 10, 2025 3:04:38 PM org.openqa.selenium.devtools.CdpVersionFinder findNearestMatch
WARNING: Unable to find an exact match for CDP version 140, returning the closest version; found: 138; Please update to a Selenium version that supports CDP version 140
]]></system-err>
  </testcase>
  <testcase name="verifySubscriptionFunctionality" classname="com.tests.SubscriptionTest" time="4.397">
    <system-out><![CDATA[Screenshot saved at: C:\ProgramData\Jenkins\.jenkins\workspace\AutomationExercisePipeline/screenshots/passed/verifyHomePageIsVisible_2025-09-10_15-04-43.png
]]></system-out>
  </testcase>
  <testcase name="verifyHomePageIsVisible" classname="com.tests.SubscriptionCartTest" time="0.014">
    <system-out><![CDATA[Screenshot saved at: C:\ProgramData\Jenkins\.jenkins\workspace\AutomationExercisePipeline/screenshots/passed/verifySubscriptionFunctionality_2025-09-10_15-04-47.png
]]></system-out>
    <system-err><![CDATA[Sept 10, 2025 3:04:48 PM org.openqa.selenium.devtools.CdpVersionFinder findNearestMatch
WARNING: Unable to find an exact match for CDP version 140, returning the closest version; found: 138; Please update to a Selenium version that supports CDP version 140
]]></system-err>
  </testcase>
  <testcase name="verifySubscriptionFlow" classname="com.tests.SubscriptionCartTest" time="4.834">
    <system-out><![CDATA[Screenshot saved at: C:\ProgramData\Jenkins\.jenkins\workspace\AutomationExercisePipeline/screenshots/passed/verifyHomePageIsVisible_2025-09-10_15-04-52.png
]]></system-out>
  </testcase>
  <testcase name="verifyHomePageIsVisible" classname="com.tests.AddToCartTest" time="0.009">
    <system-out><![CDATA[Screenshot saved at: C:\ProgramData\Jenkins\.jenkins\workspace\AutomationExercisePipeline/screenshots/passed/verifySubscriptionFlow_2025-09-10_15-04-56.png
]]></system-out>
    <system-err><![CDATA[Sept 10, 2025 3:04:57 PM org.openqa.selenium.devtools.CdpVersionFinder findNearestMatch
WARNING: Unable to find an exact match for CDP version 140, returning the closest version; found: 138; Please update to a Selenium version that supports CDP version 140
]]></system-err>
  </testcase>
  <testcase name="verifyAddToCartFlow" classname="com.tests.AddToCartTest" time="13.852">
    <system-out><![CDATA[Screenshot saved at: C:\ProgramData\Jenkins\.jenkins\workspace\AutomationExercisePipeline/screenshots/passed/verifyHomePageIsVisible_2025-09-10_15-05-01.png
]]></system-out>
  </testcase>
  <testcase name="verifyIncreaseQuantityFlow" classname="com.tests.IncreasedQuantityTest" time="8.812">
    <system-out><![CDATA[Screenshot saved at: C:\ProgramData\Jenkins\.jenkins\workspace\AutomationExercisePipeline/screenshots/passed/verifyAddToCartFlow_2025-09-10_15-05-15.png
]]></system-out>
    <system-err><![CDATA[Sept 10, 2025 3:05:16 PM org.openqa.selenium.devtools.CdpVersionFinder findNearestMatch
WARNING: Unable to find an exact match for CDP version 140, returning the closest version; found: 138; Please update to a Selenium version that supports CDP version 140
]]></system-err>
  </testcase>
  <testcase name="verifyCheckoutWithRegistrationFlow" classname="com.tests.RegistrationWhileCheckoutTest" time="18.142">
    <system-out><![CDATA[Screenshot saved at: C:\ProgramData\Jenkins\.jenkins\workspace\AutomationExercisePipeline/screenshots/passed/verifyIncreaseQuantityFlow_2025-09-10_15-05-29.png
]]></system-out>
    <system-err><![CDATA[Sept 10, 2025 3:05:30 PM org.openqa.selenium.devtools.CdpVersionFinder findNearestMatch
WARNING: Unable to find an exact match for CDP version 140, returning the closest version; found: 138; Please update to a Selenium version that supports CDP version 140
]]></system-err>
  </testcase>
  <testcase name="verifyPlaceOrderAfterSignup" classname="com.tests.RegistrationBeforeCheckoutTest" time="15.83">
    <system-out><![CDATA[Screenshot saved at: C:\ProgramData\Jenkins\.jenkins\workspace\AutomationExercisePipeline/screenshots/passed/verifyCheckoutWithRegistrationFlow_2025-09-10_15-05-52.png
]]></system-out>
    <system-err><![CDATA[Sept 10, 2025 3:05:53 PM org.openqa.selenium.devtools.CdpVersionFinder findNearestMatch
WARNING: Unable to find an exact match for CDP version 140, returning the closest version; found: 138; Please update to a Selenium version that supports CDP version 140
]]></system-err>
  </testcase>
</testsuite>