<?xml version="1.0" encoding="UTF-8"?>
<testng-results ignored="0" total="26" passed="26" failed="0" skipped="0">
  <reporter-output>
  </reporter-output>
  <suite started-at="2025-09-08T00:42:14 IST" name="Suite" finished-at="2025-09-08T00:45:21 IST" duration-ms="187139">
    <groups>
      <group name="cucumber">
        <method signature="AbstractTestNGCucumberTests.runScenario(io.cucumber.testng.PickleWrapper,io.cucumber.testng.FeatureWrapper)[pri:0, instance:com.TestRunner.RegistrationRunner@63070bab]" name="runScenario" class="io.cucumber.testng.AbstractTestNGCucumberTests"/>
        <method signature="AbstractTestNGCucumberTests.runScenario(io.cucumber.testng.PickleWrapper,io.cucumber.testng.FeatureWrapper)[pri:0, instance:com.TestRunner.LoginRunner@3943a2be]" name="runScenario" class="io.cucumber.testng.AbstractTestNGCucumberTests"/>
        <method signature="AbstractTestNGCucumberTests.runScenario(io.cucumber.testng.PickleWrapper,io.cucumber.testng.FeatureWrapper)[pri:0, instance:com.TestRunner.LogoutRunner@71c3b41]" name="runScenario" class="io.cucumber.testng.AbstractTestNGCucumberTests"/>
      </group> <!-- cucumber -->
    </groups>
    <test started-at="2025-09-08T00:42:14 IST" name="Registration Test" finished-at="2025-09-08T00:42:33 IST" duration-ms="18641">
      <class name="com.TestRunner.RegistrationRunner">
        <test-method is-config="true" signature="setUpClass(org.testng.ITestContext)[pri:0, instance:com.TestRunner.RegistrationRunner@63070bab]" started-at="2025-09-08T00:42:14 IST" name="setUpClass" finished-at="2025-09-08T00:42:15 IST" duration-ms="468" status="PASS">
          <params>
            <param index="0">
              <value>
                <![CDATA[org.testng.TestRunner@27d5eb00]]>
              </value>
            </param>
          </params>
          <reporter-output>
          </reporter-output>
        </test-method> <!-- setUpClass -->
        <test-method is-config="true" signature="setUpClass(java.lang.String,java.lang.String)[pri:0, instance:com.TestRunner.RegistrationRunner@63070bab]" started-at="2025-09-08T00:42:15 IST" name="setUpClass" finished-at="2025-09-08T00:42:19 IST" duration-ms="4619" status="PASS">
          <params>
            <param index="0">
              <value>
                <![CDATA[chrome]]>
              </value>
            </param>
            <param index="1">
              <value>
                <![CDATA[https://automationexercise.com/]]>
              </value>
            </param>
          </params>
          <reporter-output>
          </reporter-output>
        </test-method> <!-- setUpClass -->
        <test-method signature="runScenario(io.cucumber.testng.PickleWrapper,io.cucumber.testng.FeatureWrapper)[pri:0, instance:com.TestRunner.RegistrationRunner@63070bab]" started-at="2025-09-08T00:42:19 IST" name="runScenario" description="Runs Cucumber Scenarios" data-provider="scenarios" finished-at="2025-09-08T00:42:32 IST" duration-ms="12552" status="PASS">
          <params>
            <param index="0">
              <value>
                <![CDATA["User Registration to Sign-Up Page"]]>
              </value>
            </param>
            <param index="1">
              <value>
                <![CDATA["Registration"]]>
              </value>
            </param>
          </params>
          <reporter-output>
          </reporter-output>
        </test-method> <!-- runScenario -->
        <test-method is-config="true" signature="tearDownClass()[pri:0, instance:com.TestRunner.RegistrationRunner@63070bab]" started-at="2025-09-08T00:42:33 IST" name="tearDownClass" finished-at="2025-09-08T00:42:33 IST" duration-ms="231" status="PASS">
          <reporter-output>
          </reporter-output>
        </test-method> <!-- tearDownClass -->
      </class> <!-- com.TestRunner.RegistrationRunner -->
    </test> <!-- Registration Test -->
    <test started-at="2025-09-08T00:42:33 IST" name="Login Test" finished-at="2025-09-08T00:42:45 IST" duration-ms="11859">
      <class name="com.TestRunner.LoginRunner">
        <test-method is-config="true" signature="setUpClass(org.testng.ITestContext)[pri:0, instance:com.TestRunner.LoginRunner@3943a2be]" started-at="2025-09-08T00:42:33 IST" name="setUpClass" finished-at="2025-09-08T00:42:33 IST" duration-ms="40" status="PASS">
          <params>
            <param index="0">
              <value>
                <![CDATA[org.testng.TestRunner@2b540131]]>
              </value>
            </param>
          </params>
          <reporter-output>
          </reporter-output>
        </test-method> <!-- setUpClass -->
        <test-method is-config="true" signature="setUpClass(java.lang.String,java.lang.String)[pri:0, instance:com.TestRunner.LoginRunner@3943a2be]" started-at="2025-09-08T00:42:33 IST" name="setUpClass" finished-at="2025-09-08T00:42:37 IST" duration-ms="3600" status="PASS">
          <params>
            <param index="0">
              <value>
                <![CDATA[chrome]]>
              </value>
            </param>
            <param index="1">
              <value>
                <![CDATA[https://automationexercise.com/]]>
              </value>
            </param>
          </params>
          <reporter-output>
          </reporter-output>
        </test-method> <!-- setUpClass -->
        <test-method signature="runScenario(io.cucumber.testng.PickleWrapper,io.cucumber.testng.FeatureWrapper)[pri:0, instance:com.TestRunner.LoginRunner@3943a2be]" started-at="2025-09-08T00:42:37 IST" name="runScenario" description="Runs Cucumber Scenarios" data-provider="scenarios" finished-at="2025-09-08T00:42:42 IST" duration-ms="5534" status="PASS">
          <params>
            <param index="0">
              <value>
                <![CDATA["Login with valid credentials"]]>
              </value>
            </param>
            <param index="1">
              <value>
                <![CDATA["Login Page with credentials"]]>
              </value>
            </param>
          </params>
          <reporter-output>
          </reporter-output>
        </test-method> <!-- runScenario -->
        <test-method signature="runScenario(io.cucumber.testng.PickleWrapper,io.cucumber.testng.FeatureWrapper)[pri:0, instance:com.TestRunner.LoginRunner@3943a2be]" started-at="2025-09-08T00:42:42 IST" name="runScenario" description="Runs Cucumber Scenarios" data-provider="scenarios" finished-at="2025-09-08T00:42:45 IST" duration-ms="2270" status="PASS">
          <params>
            <param index="0">
              <value>
                <![CDATA["Login with invalid credentials"]]>
              </value>
            </param>
            <param index="1">
              <value>
                <![CDATA["Login Page with credentials"]]>
              </value>
            </param>
          </params>
          <reporter-output>
          </reporter-output>
        </test-method> <!-- runScenario -->
        <test-method is-config="true" signature="tearDownClass()[pri:0, instance:com.TestRunner.LoginRunner@3943a2be]" started-at="2025-09-08T00:42:45 IST" name="tearDownClass" finished-at="2025-09-08T00:42:45 IST" duration-ms="189" status="PASS">
          <reporter-output>
          </reporter-output>
        </test-method> <!-- tearDownClass -->
      </class> <!-- com.TestRunner.LoginRunner -->
    </test> <!-- Login Test -->
    <test started-at="2025-09-08T00:42:45 IST" name="Logout Test" finished-at="2025-09-08T00:42:54 IST" duration-ms="9231">
      <class name="com.TestRunner.LogoutRunner">
        <test-method is-config="true" signature="setUpClass(org.testng.ITestContext)[pri:0, instance:com.TestRunner.LogoutRunner@71c3b41]" started-at="2025-09-08T00:42:45 IST" name="setUpClass" finished-at="2025-09-08T00:42:45 IST" duration-ms="10" status="PASS">
          <params>
            <param index="0">
              <value>
                <![CDATA[org.testng.TestRunner@225ac5e7]]>
              </value>
            </param>
          </params>
          <reporter-output>
          </reporter-output>
        </test-method> <!-- setUpClass -->
        <test-method is-config="true" signature="setUpClass(java.lang.String,java.lang.String)[pri:0, instance:com.TestRunner.LogoutRunner@71c3b41]" started-at="2025-09-08T00:42:45 IST" name="setUpClass" finished-at="2025-09-08T00:42:47 IST" duration-ms="1828" status="PASS">
          <params>
            <param index="0">
              <value>
                <![CDATA[chrome]]>
              </value>
            </param>
            <param index="1">
              <value>
                <![CDATA[https://automationexercise.com/]]>
              </value>
            </param>
          </params>
          <reporter-output>
          </reporter-output>
        </test-method> <!-- setUpClass -->
        <test-method signature="runScenario(io.cucumber.testng.PickleWrapper,io.cucumber.testng.FeatureWrapper)[pri:0, instance:com.TestRunner.LogoutRunner@71c3b41]" started-at="2025-09-08T00:42:47 IST" name="runScenario" description="Runs Cucumber Scenarios" data-provider="scenarios" finished-at="2025-09-08T00:42:54 IST" duration-ms="7056" status="PASS">
          <params>
            <param index="0">
              <value>
                <![CDATA["Logout feature"]]>
              </value>
            </param>
            <param index="1">
              <value>
                <![CDATA["Logout"]]>
              </value>
            </param>
          </params>
          <reporter-output>
          </reporter-output>
        </test-method> <!-- runScenario -->
        <test-method is-config="true" signature="tearDownClass()[pri:0, instance:com.TestRunner.LogoutRunner@71c3b41]" started-at="2025-09-08T00:42:54 IST" name="tearDownClass" finished-at="2025-09-08T00:42:54 IST" duration-ms="199" status="PASS">
          <reporter-output>
          </reporter-output>
        </test-method> <!-- tearDownClass -->
      </class> <!-- com.TestRunner.LogoutRunner -->
    </test> <!-- Logout Test -->
    <test started-at="2025-09-08T00:42:54 IST" name="Existing Registration Test" finished-at="2025-09-08T00:43:01 IST" duration-ms="7011">
      <class name="com.tests.ExistingRegistrationTest">
        <test-method is-config="true" signature="setUp(java.lang.String,java.lang.String)[pri:0, instance:com.tests.ExistingRegistrationTest@6f27a732]" started-at="2025-09-08T00:42:54 IST" name="setUp" finished-at="2025-09-08T00:42:58 IST" duration-ms="3552" status="PASS">
          <params>
            <param index="0">
              <value>
                <![CDATA[chrome]]>
              </value>
            </param>
            <param index="1">
              <value>
                <![CDATA[https://automationexercise.com/]]>
              </value>
            </param>
          </params>
          <reporter-output>
          </reporter-output>
        </test-method> <!-- setUp -->
        <test-method is-config="true" signature="initPages()[pri:0, instance:com.tests.ExistingRegistrationTest@6f27a732]" started-at="2025-09-08T00:42:58 IST" name="initPages" finished-at="2025-09-08T00:42:58 IST" duration-ms="2" status="PASS">
          <reporter-output>
          </reporter-output>
        </test-method> <!-- initPages -->
        <test-method signature="verifyHomePageVisible()[pri:1, instance:com.tests.ExistingRegistrationTest@6f27a732]" started-at="2025-09-08T00:42:58 IST" name="verifyHomePageVisible" finished-at="2025-09-08T00:42:58 IST" duration-ms="12" status="PASS">
          <reporter-output>
          </reporter-output>
        </test-method> <!-- verifyHomePageVisible -->
        <test-method signature="clickSignupAndVerifyNewUserSignup()[pri:2, instance:com.tests.ExistingRegistrationTest@6f27a732]" started-at="2025-09-08T00:42:58 IST" name="clickSignupAndVerifyNewUserSignup" finished-at="2025-09-08T00:43:00 IST" duration-ms="1711" status="PASS">
          <reporter-output>
          </reporter-output>
        </test-method> <!-- clickSignupAndVerifyNewUserSignup -->
        <test-method signature="registerWithExistingEmailAndVerifyError()[pri:3, instance:com.tests.ExistingRegistrationTest@6f27a732]" started-at="2025-09-08T00:43:00 IST" name="registerWithExistingEmailAndVerifyError" finished-at="2025-09-08T00:43:01 IST" duration-ms="1106" status="PASS">
          <reporter-output>
          </reporter-output>
        </test-method> <!-- registerWithExistingEmailAndVerifyError -->
        <test-method is-config="true" signature="tearDown()[pri:0, instance:com.tests.ExistingRegistrationTest@6f27a732]" started-at="2025-09-08T00:43:01 IST" name="tearDown" finished-at="2025-09-08T00:43:01 IST" duration-ms="139" status="PASS">
          <reporter-output>
          </reporter-output>
        </test-method> <!-- tearDown -->
      </class> <!-- com.tests.ExistingRegistrationTest -->
    </test> <!-- Existing Registration Test -->
    <test started-at="2025-09-08T00:43:01 IST" name="Contact Us Form Tests" finished-at="2025-09-08T00:43:09 IST" duration-ms="8221">
      <class name="com.tests.ContactUsFormTest">
        <test-method is-config="true" signature="setUp(java.lang.String,java.lang.String)[pri:0, instance:com.tests.ContactUsFormTest@1bb266b3]" started-at="2025-09-08T00:43:01 IST" name="setUp" finished-at="2025-09-08T00:43:05 IST" duration-ms="3546" status="PASS">
          <params>
            <param index="0">
              <value>
                <![CDATA[chrome]]>
              </value>
            </param>
            <param index="1">
              <value>
                <![CDATA[http://automationexercise.com]]>
              </value>
            </param>
          </params>
          <reporter-output>
          </reporter-output>
        </test-method> <!-- setUp -->
        <test-method is-config="true" signature="initPages()[pri:0, instance:com.tests.ContactUsFormTest@1bb266b3]" started-at="2025-09-08T00:43:05 IST" name="initPages" finished-at="2025-09-08T00:43:05 IST" duration-ms="2" status="PASS">
          <reporter-output>
          </reporter-output>
        </test-method> <!-- initPages -->
        <test-method signature="verifyHomePageIsVisible()[pri:1, instance:com.tests.ContactUsFormTest@1bb266b3]" started-at="2025-09-08T00:43:05 IST" name="verifyHomePageIsVisible" finished-at="2025-09-08T00:43:05 IST" duration-ms="0" status="PASS">
          <reporter-output>
          </reporter-output>
        </test-method> <!-- verifyHomePageIsVisible -->
        <test-method signature="testContactUsFormSubmission()[pri:2, instance:com.tests.ContactUsFormTest@1bb266b3]" started-at="2025-09-08T00:43:05 IST" name="testContactUsFormSubmission" finished-at="2025-09-08T00:43:09 IST" duration-ms="4073" status="PASS">
          <reporter-output>
          </reporter-output>
        </test-method> <!-- testContactUsFormSubmission -->
        <test-method is-config="true" signature="tearDown()[pri:0, instance:com.tests.ContactUsFormTest@1bb266b3]" started-at="2025-09-08T00:43:09 IST" name="tearDown" finished-at="2025-09-08T00:43:09 IST" duration-ms="192" status="PASS">
          <reporter-output>
          </reporter-output>
        </test-method> <!-- tearDown -->
      </class> <!-- com.tests.ContactUsFormTest -->
    </test> <!-- Contact Us Form Tests -->
    <test started-at="2025-09-08T00:43:09 IST" name="Verify Test Case Tests" finished-at="2025-09-08T00:43:14 IST" duration-ms="4775">
      <class name="com.tests.VerifyTestCaseTest">
        <test-method is-config="true" signature="setUp(java.lang.String,java.lang.String)[pri:0, instance:com.tests.VerifyTestCaseTest@52102734]" started-at="2025-09-08T00:43:09 IST" name="setUp" finished-at="2025-09-08T00:43:12 IST" duration-ms="2665" status="PASS">
          <params>
            <param index="0">
              <value>
                <![CDATA[chrome]]>
              </value>
            </param>
            <param index="1">
              <value>
                <![CDATA[http://automationexercise.com]]>
              </value>
            </param>
          </params>
          <reporter-output>
          </reporter-output>
        </test-method> <!-- setUp -->
        <test-method is-config="true" signature="initPages()[pri:0, instance:com.tests.VerifyTestCaseTest@52102734]" started-at="2025-09-08T00:43:12 IST" name="initPages" finished-at="2025-09-08T00:43:12 IST" duration-ms="3" status="PASS">
          <reporter-output>
          </reporter-output>
        </test-method> <!-- initPages -->
        <test-method signature="verifyHomePageIsVisible()[pri:1, instance:com.tests.VerifyTestCaseTest@52102734]" started-at="2025-09-08T00:43:12 IST" name="verifyHomePageIsVisible" finished-at="2025-09-08T00:43:12 IST" duration-ms="12" status="PASS">
          <reporter-output>
          </reporter-output>
        </test-method> <!-- verifyHomePageIsVisible -->
        <test-method signature="verifyTestCasesNavigation()[pri:2, instance:com.tests.VerifyTestCaseTest@52102734]" started-at="2025-09-08T00:43:12 IST" name="verifyTestCasesNavigation" finished-at="2025-09-08T00:43:14 IST" duration-ms="1588" status="PASS">
          <reporter-output>
          </reporter-output>
        </test-method> <!-- verifyTestCasesNavigation -->
        <test-method is-config="true" signature="tearDown()[pri:0, instance:com.tests.VerifyTestCaseTest@52102734]" started-at="2025-09-08T00:43:14 IST" name="tearDown" finished-at="2025-09-08T00:43:14 IST" duration-ms="124" status="PASS">
          <reporter-output>
          </reporter-output>
        </test-method> <!-- tearDown -->
      </class> <!-- com.tests.VerifyTestCaseTest -->
    </test> <!-- Verify Test Case Tests -->
    <test started-at="2025-09-08T00:43:14 IST" name="Verify All Products Tests" finished-at="2025-09-08T00:43:22 IST" duration-ms="7779">
      <class name="com.tests.VerifyAllProductsTest">
        <test-method is-config="true" signature="setUp(java.lang.String,java.lang.String)[pri:0, instance:com.tests.VerifyAllProductsTest@29647f75]" started-at="2025-09-08T00:43:14 IST" name="setUp" finished-at="2025-09-08T00:43:18 IST" duration-ms="3435" status="PASS">
          <params>
            <param index="0">
              <value>
                <![CDATA[chrome]]>
              </value>
            </param>
            <param index="1">
              <value>
                <![CDATA[http://automationexercise.com]]>
              </value>
            </param>
          </params>
          <reporter-output>
          </reporter-output>
        </test-method> <!-- setUp -->
        <test-method is-config="true" signature="initPages()[pri:0, instance:com.tests.VerifyAllProductsTest@29647f75]" started-at="2025-09-08T00:43:18 IST" name="initPages" finished-at="2025-09-08T00:43:18 IST" duration-ms="1" status="PASS">
          <reporter-output>
          </reporter-output>
        </test-method> <!-- initPages -->
        <test-method signature="verifyHomePageIsVisible()[pri:1, instance:com.tests.VerifyAllProductsTest@29647f75]" started-at="2025-09-08T00:43:18 IST" name="verifyHomePageIsVisible" finished-at="2025-09-08T00:43:18 IST" duration-ms="12" status="PASS">
          <reporter-output>
          </reporter-output>
        </test-method> <!-- verifyHomePageIsVisible -->
        <test-method signature="verifyAllProductsPageIsVisible()[pri:2, instance:com.tests.VerifyAllProductsTest@29647f75]" started-at="2025-09-08T00:43:18 IST" name="verifyAllProductsPageIsVisible" finished-at="2025-09-08T00:43:20 IST" duration-ms="2619" status="PASS">
          <reporter-output>
          </reporter-output>
        </test-method> <!-- verifyAllProductsPageIsVisible -->
        <test-method signature="verifyViewProductsFunctionality()[pri:3, instance:com.tests.VerifyAllProductsTest@29647f75]" started-at="2025-09-08T00:43:21 IST" name="verifyViewProductsFunctionality" finished-at="2025-09-08T00:43:22 IST" duration-ms="1019" status="PASS">
          <reporter-output>
          </reporter-output>
        </test-method> <!-- verifyViewProductsFunctionality -->
        <test-method is-config="true" signature="tearDown()[pri:0, instance:com.tests.VerifyAllProductsTest@29647f75]" started-at="2025-09-08T00:43:22 IST" name="tearDown" finished-at="2025-09-08T00:43:22 IST" duration-ms="167" status="PASS">
          <reporter-output>
          </reporter-output>
        </test-method> <!-- tearDown -->
      </class> <!-- com.tests.VerifyAllProductsTest -->
    </test> <!-- Verify All Products Tests -->
    <test started-at="2025-09-08T00:43:22 IST" name="Search Products Tests" finished-at="2025-09-08T00:43:30 IST" duration-ms="8496">
      <class name="com.tests.SearchProductsTest">
        <test-method is-config="true" signature="setUp(java.lang.String,java.lang.String)[pri:0, instance:com.tests.SearchProductsTest@366647c2]" started-at="2025-09-08T00:43:22 IST" name="setUp" finished-at="2025-09-08T00:43:25 IST" duration-ms="3550" status="PASS">
          <params>
            <param index="0">
              <value>
                <![CDATA[chrome]]>
              </value>
            </param>
            <param index="1">
              <value>
                <![CDATA[http://automationexercise.com]]>
              </value>
            </param>
          </params>
          <reporter-output>
          </reporter-output>
        </test-method> <!-- setUp -->
        <test-method is-config="true" signature="initPages()[pri:0, instance:com.tests.SearchProductsTest@366647c2]" started-at="2025-09-08T00:43:25 IST" name="initPages" finished-at="2025-09-08T00:43:25 IST" duration-ms="2" status="PASS">
          <reporter-output>
          </reporter-output>
        </test-method> <!-- initPages -->
        <test-method signature="verifyHomePageIsVisible()[pri:1, instance:com.tests.SearchProductsTest@366647c2]" started-at="2025-09-08T00:43:25 IST" name="verifyHomePageIsVisible" finished-at="2025-09-08T00:43:25 IST" duration-ms="11" status="PASS">
          <reporter-output>
          </reporter-output>
        </test-method> <!-- verifyHomePageIsVisible -->
        <test-method signature="verifyAllProductsPageIsVisible()[pri:2, instance:com.tests.SearchProductsTest@366647c2]" started-at="2025-09-08T00:43:26 IST" name="verifyAllProductsPageIsVisible" finished-at="2025-09-08T00:43:28 IST" duration-ms="2627" status="PASS">
          <reporter-output>
          </reporter-output>
        </test-method> <!-- verifyAllProductsPageIsVisible -->
        <test-method signature="verifySearchFunctionality()[pri:3, instance:com.tests.SearchProductsTest@366647c2]" started-at="2025-09-08T00:43:28 IST" name="verifySearchFunctionality" finished-at="2025-09-08T00:43:30 IST" duration-ms="1559" status="PASS">
          <reporter-output>
          </reporter-output>
        </test-method> <!-- verifySearchFunctionality -->
        <test-method is-config="true" signature="tearDown()[pri:0, instance:com.tests.SearchProductsTest@366647c2]" started-at="2025-09-08T00:43:30 IST" name="tearDown" finished-at="2025-09-08T00:43:30 IST" duration-ms="158" status="PASS">
          <reporter-output>
          </reporter-output>
        </test-method> <!-- tearDown -->
      </class> <!-- com.tests.SearchProductsTest -->
    </test> <!-- Search Products Tests -->
    <test started-at="2025-09-08T00:43:30 IST" name="Subscription Tests" finished-at="2025-09-08T00:43:39 IST" duration-ms="8395">
      <class name="com.tests.SubscriptionTest">
        <test-method is-config="true" signature="setUp(java.lang.String,java.lang.String)[pri:0, instance:com.tests.SubscriptionTest@62e7f11d]" started-at="2025-09-08T00:43:30 IST" name="setUp" finished-at="2025-09-08T00:43:34 IST" duration-ms="3629" status="PASS">
          <params>
            <param index="0">
              <value>
                <![CDATA[chrome]]>
              </value>
            </param>
            <param index="1">
              <value>
                <![CDATA[http://automationexercise.com]]>
              </value>
            </param>
          </params>
          <reporter-output>
          </reporter-output>
        </test-method> <!-- setUp -->
        <test-method signature="verifyHomePageIsVisible()[pri:1, instance:com.tests.SubscriptionTest@62e7f11d]" started-at="2025-09-08T00:43:34 IST" name="verifyHomePageIsVisible" finished-at="2025-09-08T00:43:34 IST" duration-ms="10" status="PASS">
          <reporter-output>
          </reporter-output>
        </test-method> <!-- verifyHomePageIsVisible -->
        <test-method is-config="true" signature="initPages()[pri:0, instance:com.tests.SubscriptionTest@62e7f11d]" started-at="2025-09-08T00:43:34 IST" name="initPages" finished-at="2025-09-08T00:43:34 IST" duration-ms="0" status="PASS">
          <reporter-output>
          </reporter-output>
        </test-method> <!-- initPages -->
        <test-method signature="verifySubscriptionFunctionality()[pri:2, instance:com.tests.SubscriptionTest@62e7f11d]" started-at="2025-09-08T00:43:34 IST" name="verifySubscriptionFunctionality" finished-at="2025-09-08T00:43:39 IST" duration-ms="4277" status="PASS">
          <reporter-output>
          </reporter-output>
        </test-method> <!-- verifySubscriptionFunctionality -->
        <test-method is-config="true" signature="tearDown()[pri:0, instance:com.tests.SubscriptionTest@62e7f11d]" started-at="2025-09-08T00:43:39 IST" name="tearDown" finished-at="2025-09-08T00:43:39 IST" duration-ms="160" status="PASS">
          <reporter-output>
          </reporter-output>
        </test-method> <!-- tearDown -->
      </class> <!-- com.tests.SubscriptionTest -->
    </test> <!-- Subscription Tests -->
    <test started-at="2025-09-08T00:43:39 IST" name="Subscription Cart Tests" finished-at="2025-09-08T00:43:48 IST" duration-ms="9553">
      <class name="com.tests.SubscriptionCartTest">
        <test-method is-config="true" signature="setUp(java.lang.String,java.lang.String)[pri:0, instance:com.tests.SubscriptionCartTest@19d481b]" started-at="2025-09-08T00:43:39 IST" name="setUp" finished-at="2025-09-08T00:43:42 IST" duration-ms="3207" status="PASS">
          <params>
            <param index="0">
              <value>
                <![CDATA[chrome]]>
              </value>
            </param>
            <param index="1">
              <value>
                <![CDATA[http://automationexercise.com]]>
              </value>
            </param>
          </params>
          <reporter-output>
          </reporter-output>
        </test-method> <!-- setUp -->
        <test-method is-config="true" signature="initPageObjects()[pri:0, instance:com.tests.SubscriptionCartTest@19d481b]" started-at="2025-09-08T00:43:42 IST" name="initPageObjects" finished-at="2025-09-08T00:43:42 IST" duration-ms="2" status="PASS">
          <reporter-output>
          </reporter-output>
        </test-method> <!-- initPageObjects -->
        <test-method signature="verifyHomePageIsVisible()[pri:1, instance:com.tests.SubscriptionCartTest@19d481b]" started-at="2025-09-08T00:43:42 IST" name="verifyHomePageIsVisible" finished-at="2025-09-08T00:43:42 IST" duration-ms="12" status="PASS">
          <reporter-output>
          </reporter-output>
        </test-method> <!-- verifyHomePageIsVisible -->
        <test-method signature="verifySubscriptionFlow()[pri:2, instance:com.tests.SubscriptionCartTest@19d481b]" started-at="2025-09-08T00:43:42 IST" name="verifySubscriptionFlow" finished-at="2025-09-08T00:43:48 IST" duration-ms="5832" status="PASS">
          <reporter-output>
          </reporter-output>
        </test-method> <!-- verifySubscriptionFlow -->
        <test-method is-config="true" signature="tearDown()[pri:0, instance:com.tests.SubscriptionCartTest@19d481b]" started-at="2025-09-08T00:43:48 IST" name="tearDown" finished-at="2025-09-08T00:43:48 IST" duration-ms="160" status="PASS">
          <reporter-output>
          </reporter-output>
        </test-method> <!-- tearDown -->
      </class> <!-- com.tests.SubscriptionCartTest -->
    </test> <!-- Subscription Cart Tests -->
    <test started-at="2025-09-08T00:43:48 IST" name="Add To Cart Tests" finished-at="2025-09-08T00:44:06 IST" duration-ms="18029">
      <class name="com.tests.AddToCartTest">
        <test-method is-config="true" signature="setUp(java.lang.String,java.lang.String)[pri:0, instance:com.tests.AddToCartTest@77eca502]" started-at="2025-09-08T00:43:48 IST" name="setUp" finished-at="2025-09-08T00:43:52 IST" duration-ms="3511" status="PASS">
          <params>
            <param index="0">
              <value>
                <![CDATA[chrome]]>
              </value>
            </param>
            <param index="1">
              <value>
                <![CDATA[http://automationexercise.com]]>
              </value>
            </param>
          </params>
          <reporter-output>
          </reporter-output>
        </test-method> <!-- setUp -->
        <test-method signature="verifyHomePageIsVisible()[pri:1, instance:com.tests.AddToCartTest@77eca502]" started-at="2025-09-08T00:43:52 IST" name="verifyHomePageIsVisible" finished-at="2025-09-08T00:43:52 IST" duration-ms="8" status="PASS">
          <reporter-output>
          </reporter-output>
        </test-method> <!-- verifyHomePageIsVisible -->
        <test-method is-config="true" signature="initPageObjects()[pri:0, instance:com.tests.AddToCartTest@77eca502]" started-at="2025-09-08T00:43:52 IST" name="initPageObjects" finished-at="2025-09-08T00:43:52 IST" duration-ms="0" status="PASS">
          <reporter-output>
          </reporter-output>
        </test-method> <!-- initPageObjects -->
        <test-method signature="verifyAddToCartFlow()[pri:2, instance:com.tests.AddToCartTest@77eca502]" started-at="2025-09-08T00:43:52 IST" name="verifyAddToCartFlow" finished-at="2025-09-08T00:44:06 IST" duration-ms="14004" status="PASS">
          <reporter-output>
          </reporter-output>
        </test-method> <!-- verifyAddToCartFlow -->
        <test-method is-config="true" signature="tearDown()[pri:0, instance:com.tests.AddToCartTest@77eca502]" started-at="2025-09-08T00:44:06 IST" name="tearDown" finished-at="2025-09-08T00:44:06 IST" duration-ms="198" status="PASS">
          <reporter-output>
          </reporter-output>
        </test-method> <!-- tearDown -->
      </class> <!-- com.tests.AddToCartTest -->
    </test> <!-- Add To Cart Tests -->
    <test started-at="2025-09-08T00:44:06 IST" name="Increase Quantity Tests" finished-at="2025-09-08T00:44:18 IST" duration-ms="11740">
      <class name="com.tests.IncreasedQuantityTest">
        <test-method is-config="true" signature="setUp(java.lang.String,java.lang.String)[pri:0, instance:com.tests.IncreasedQuantityTest@49dc7102]" started-at="2025-09-08T00:44:06 IST" name="setUp" finished-at="2025-09-08T00:44:10 IST" duration-ms="3275" status="PASS">
          <params>
            <param index="0">
              <value>
                <![CDATA[chrome]]>
              </value>
            </param>
            <param index="1">
              <value>
                <![CDATA[http://automationexercise.com]]>
              </value>
            </param>
          </params>
          <reporter-output>
          </reporter-output>
        </test-method> <!-- setUp -->
        <test-method signature="verifyIncreaseQuantityFlow()[pri:0, instance:com.tests.IncreasedQuantityTest@49dc7102]" started-at="2025-09-08T00:44:10 IST" name="verifyIncreaseQuantityFlow" finished-at="2025-09-08T00:44:18 IST" duration-ms="8099" status="PASS">
          <reporter-output>
          </reporter-output>
        </test-method> <!-- verifyIncreaseQuantityFlow -->
        <test-method is-config="true" signature="initPageObjects()[pri:0, instance:com.tests.IncreasedQuantityTest@49dc7102]" started-at="2025-09-08T00:44:10 IST" name="initPageObjects" finished-at="2025-09-08T00:44:10 IST" duration-ms="0" status="PASS">
          <reporter-output>
          </reporter-output>
        </test-method> <!-- initPageObjects -->
        <test-method is-config="true" signature="tearDown()[pri:0, instance:com.tests.IncreasedQuantityTest@49dc7102]" started-at="2025-09-08T00:44:18 IST" name="tearDown" finished-at="2025-09-08T00:44:18 IST" duration-ms="206" status="PASS">
          <reporter-output>
          </reporter-output>
        </test-method> <!-- tearDown -->
      </class> <!-- com.tests.IncreasedQuantityTest -->
    </test> <!-- Increase Quantity Tests -->
    <test started-at="2025-09-08T00:44:18 IST" name="Registration while checkout Tests" finished-at="2025-09-08T00:45:01 IST" duration-ms="42889">
      <class name="com.tests.RegistrationWhileCheckoutTest">
        <test-method is-config="true" signature="setUp(java.lang.String,java.lang.String)[pri:0, instance:com.tests.RegistrationWhileCheckoutTest@65f095f8]" started-at="2025-09-08T00:44:18 IST" name="setUp" finished-at="2025-09-08T00:44:22 IST" duration-ms="3470" status="PASS">
          <params>
            <param index="0">
              <value>
                <![CDATA[chrome]]>
              </value>
            </param>
            <param index="1">
              <value>
                <![CDATA[http://automationexercise.com]]>
              </value>
            </param>
          </params>
          <reporter-output>
          </reporter-output>
        </test-method> <!-- setUp -->
        <test-method signature="verifyCheckoutWithRegistrationFlow()[pri:0, instance:com.tests.RegistrationWhileCheckoutTest@65f095f8]" started-at="2025-09-08T00:44:22 IST" name="verifyCheckoutWithRegistrationFlow" finished-at="2025-09-08T00:45:01 IST" duration-ms="38993" status="PASS">
          <reporter-output>
          </reporter-output>
        </test-method> <!-- verifyCheckoutWithRegistrationFlow -->
        <test-method is-config="true" signature="initPageObjects()[pri:0, instance:com.tests.RegistrationWhileCheckoutTest@65f095f8]" started-at="2025-09-08T00:44:22 IST" name="initPageObjects" finished-at="2025-09-08T00:44:22 IST" duration-ms="0" status="PASS">
          <reporter-output>
          </reporter-output>
        </test-method> <!-- initPageObjects -->
        <test-method is-config="true" signature="tearDown()[pri:0, instance:com.tests.RegistrationWhileCheckoutTest@65f095f8]" started-at="2025-09-08T00:45:01 IST" name="tearDown" finished-at="2025-09-08T00:45:01 IST" duration-ms="198" status="PASS">
          <reporter-output>
          </reporter-output>
        </test-method> <!-- tearDown -->
      </class> <!-- com.tests.RegistrationWhileCheckoutTest -->
    </test> <!-- Registration while checkout Tests -->
    <test started-at="2025-09-08T00:45:01 IST" name="Registration Before checkout Tests" finished-at="2025-09-08T00:45:21 IST" duration-ms="20443">
      <class name="com.tests.RegistrationBeforeCheckoutTest">
        <test-method is-config="true" signature="setUp(java.lang.String,java.lang.String)[pri:0, instance:com.tests.RegistrationBeforeCheckoutTest@3d1cfad4]" started-at="2025-09-08T00:45:01 IST" name="setUp" finished-at="2025-09-08T00:45:05 IST" duration-ms="3791" status="PASS">
          <params>
            <param index="0">
              <value>
                <![CDATA[chrome]]>
              </value>
            </param>
            <param index="1">
              <value>
                <![CDATA[http://automationexercise.com]]>
              </value>
            </param>
          </params>
          <reporter-output>
          </reporter-output>
        </test-method> <!-- setUp -->
        <test-method signature="verifyPlaceOrderAfterSignup()[pri:0, instance:com.tests.RegistrationBeforeCheckoutTest@3d1cfad4]" started-at="2025-09-08T00:45:05 IST" name="verifyPlaceOrderAfterSignup" finished-at="2025-09-08T00:45:21 IST" duration-ms="16285" status="PASS">
          <reporter-output>
          </reporter-output>
        </test-method> <!-- verifyPlaceOrderAfterSignup -->
        <test-method is-config="true" signature="initPageObjects()[pri:0, instance:com.tests.RegistrationBeforeCheckoutTest@3d1cfad4]" started-at="2025-09-08T00:45:05 IST" name="initPageObjects" finished-at="2025-09-08T00:45:05 IST" duration-ms="0" status="PASS">
          <reporter-output>
          </reporter-output>
        </test-method> <!-- initPageObjects -->
        <test-method is-config="true" signature="tearDown()[pri:0, instance:com.tests.RegistrationBeforeCheckoutTest@3d1cfad4]" started-at="2025-09-08T00:45:21 IST" name="tearDown" finished-at="2025-09-08T00:45:21 IST" duration-ms="194" status="PASS">
          <reporter-output>
          </reporter-output>
        </test-method> <!-- tearDown -->
      </class> <!-- com.tests.RegistrationBeforeCheckoutTest -->
    </test> <!-- Registration Before checkout Tests -->
  </suite> <!-- Suite -->
</testng-results>
